[Errno 2] No such file or directory: './.adhesive/config.yml'
2020-02-07 07:03:45,628 DEBUG    Transition a8337549-88eb-4e45-bace-e5ff2167a8f7 (PROCESS_1):[root process]: None -> ActiveEventState.NEW
2020-02-07 07:03:45,628 DEBUG    Register ActiveEvent(a8337549-88eb-4e45-bace-e5ff2167a8f7, ActiveEventState.NEW): (PROCESS_1):[root process]
2020-02-07 07:03:45,629 DEBUG    Lane allocate workspace check for ActiveEvent(a8337549-88eb-4e45-bace-e5ff2167a8f7, ActiveEventState.NEW): (PROCESS_1):[root process]
2020-02-07 07:03:45,629 DEBUG    Crating a new lane for ActiveEvent(a8337549-88eb-4e45-bace-e5ff2167a8f7, ActiveEventState.NEW): (PROCESS_1):[root process]
2020-02-07 07:03:45,629 DEBUG    Lane: incremented references AdhesiveLane(root:default, references=1)
2020-02-07 07:03:45,629 DEBUG    Transition a8337549-88eb-4e45-bace-e5ff2167a8f7 (PROCESS_1):[root process]: ActiveEventState.NEW -> ActiveEventState.PROCESSING
2020-02-07 07:03:45,629 DEBUG    Transition a8337549-88eb-4e45-bace-e5ff2167a8f7 (PROCESS_1):[root process]: ActiveEventState.PROCESSING -> ActiveEventState.WAITING
2020-02-07 07:03:45,629 DEBUG    Transition a8337549-88eb-4e45-bace-e5ff2167a8f7 (PROCESS_1):[root process]: ActiveEventState.WAITING -> ActiveEventState.RUNNING
2020-02-07 07:03:45,629 INFO     Run  [root process]
2020-02-07 07:03:45,629 DEBUG    Transition d9e621f2-dfaa-4788-9adc-a822ac16a8e0 (_2):Start Event: None -> ActiveEventState.NEW
2020-02-07 07:03:45,629 DEBUG    Register ActiveEvent(d9e621f2-dfaa-4788-9adc-a822ac16a8e0, ActiveEventState.NEW): (_2):Start Event
2020-02-07 07:03:45,629 DEBUG    Lane allocate workspace check for ActiveEvent(d9e621f2-dfaa-4788-9adc-a822ac16a8e0, ActiveEventState.NEW): (_2):Start Event
2020-02-07 07:03:45,629 DEBUG    Lane: incremented references AdhesiveLane(root:default, references=2)
2020-02-07 07:03:45,630 DEBUG    Transition d9e621f2-dfaa-4788-9adc-a822ac16a8e0 (_2):Start Event: ActiveEventState.NEW -> ActiveEventState.PROCESSING
2020-02-07 07:03:45,630 DEBUG    Transition d9e621f2-dfaa-4788-9adc-a822ac16a8e0 (_2):Start Event: ActiveEventState.PROCESSING -> ActiveEventState.ROUTING
2020-02-07 07:03:45,630 DEBUG    Transition 1057a4e5-7392-4a50-88e0-3ee0dfacb3d0 (_3):Timeout in 1s: None -> ActiveEventState.NEW
2020-02-07 07:03:45,630 DEBUG    Register ActiveEvent(1057a4e5-7392-4a50-88e0-3ee0dfacb3d0, ActiveEventState.NEW): (_3):Timeout in 1s
2020-02-07 07:03:45,630 DEBUG    Lane allocate workspace check for ActiveEvent(1057a4e5-7392-4a50-88e0-3ee0dfacb3d0, ActiveEventState.NEW): (_3):Timeout in 1s
2020-02-07 07:03:45,630 DEBUG    Lane: incremented references AdhesiveLane(root:default, references=3)
2020-02-07 07:03:45,630 DEBUG    Transition d9e621f2-dfaa-4788-9adc-a822ac16a8e0 (_2):Start Event: ActiveEventState.ROUTING -> ActiveEventState.DONE_CHECK
2020-02-07 07:03:45,630 DEBUG    Transition d9e621f2-dfaa-4788-9adc-a822ac16a8e0 (_2):Start Event: ActiveEventState.DONE_CHECK -> ActiveEventState.DONE
2020-02-07 07:03:45,630 DEBUG    Lane deallocate workspace check for ActiveEvent(d9e621f2-dfaa-4788-9adc-a822ac16a8e0, ActiveEventState.DONE): (_2):Start Event
2020-02-07 07:03:45,630 DEBUG    Lane: decremented references AdhesiveLane(root:default, references=2)
2020-02-07 07:03:45,630 DEBUG    Unregister ActiveEvent(d9e621f2-dfaa-4788-9adc-a822ac16a8e0, ActiveEventState.DONE): (_2):Start Event
2020-02-07 07:03:45,630 DEBUG    Transition 1057a4e5-7392-4a50-88e0-3ee0dfacb3d0 (_3):Timeout in 1s: ActiveEventState.NEW -> ActiveEventState.PROCESSING
2020-02-07 07:03:45,631 DEBUG    Transition 1057a4e5-7392-4a50-88e0-3ee0dfacb3d0 (_3):Timeout in 1s: ActiveEventState.PROCESSING -> ActiveEventState.WAITING
2020-02-07 07:03:45,631 DEBUG    Transition 1057a4e5-7392-4a50-88e0-3ee0dfacb3d0 (_3):Timeout in 1s: ActiveEventState.WAITING -> ActiveEventState.RUNNING
2020-02-07 07:03:45,631 INFO     Run  Timeout in 1s
2020-02-07 07:03:45,631 DEBUG    Transition 5ab4bc8a-c167-4437-9109-6ca13e7406bd (_4):Sleep 10 seconds: None -> ActiveEventState.NEW
2020-02-07 07:03:45,631 DEBUG    Register ActiveEvent(5ab4bc8a-c167-4437-9109-6ca13e7406bd, ActiveEventState.NEW): (_4):Sleep 10 seconds
2020-02-07 07:03:45,631 DEBUG    Lane allocate workspace check for ActiveEvent(5ab4bc8a-c167-4437-9109-6ca13e7406bd, ActiveEventState.NEW): (_4):Sleep 10 seconds
2020-02-07 07:03:45,631 DEBUG    Lane: incremented references AdhesiveLane(root:default, references=3)
2020-02-07 07:03:45,631 DEBUG    Transition 5ab4bc8a-c167-4437-9109-6ca13e7406bd (_4):Sleep 10 seconds: ActiveEventState.NEW -> ActiveEventState.PROCESSING
2020-02-07 07:03:45,631 DEBUG    Transition 5ab4bc8a-c167-4437-9109-6ca13e7406bd (_4):Sleep 10 seconds: ActiveEventState.PROCESSING -> ActiveEventState.WAITING
2020-02-07 07:03:45,631 DEBUG    Transition 5ab4bc8a-c167-4437-9109-6ca13e7406bd (_4):Sleep 10 seconds: ActiveEventState.WAITING -> ActiveEventState.RUNNING
2020-02-07 07:03:45,631 INFO     Run  Sleep 10 seconds
2020-02-07 07:03:46,647 INFO     Running job Every 1 second do timer_triggered() (last run: [never], next run: 2020-02-07 07:03:46)
2020-02-07 07:03:46,649 DEBUG    Transition e403a03c-9897-4e92-a5b2-9b24a82f967f (_10):1s: None -> ActiveEventState.NEW
2020-02-07 07:03:46,649 DEBUG    Register ActiveEvent(e403a03c-9897-4e92-a5b2-9b24a82f967f, ActiveEventState.NEW): (_10):1s
2020-02-07 07:03:46,650 DEBUG    Lane allocate workspace check for ActiveEvent(e403a03c-9897-4e92-a5b2-9b24a82f967f, ActiveEventState.NEW): (_10):1s
2020-02-07 07:03:46,650 DEBUG    Lane: incremented references AdhesiveLane(root:default, references=4)
2020-02-07 07:03:46,651 DEBUG    Transition e403a03c-9897-4e92-a5b2-9b24a82f967f (_10):1s: ActiveEventState.NEW -> ActiveEventState.PROCESSING
2020-02-07 07:03:46,651 DEBUG    Transition e403a03c-9897-4e92-a5b2-9b24a82f967f (_10):1s: ActiveEventState.PROCESSING -> ActiveEventState.ROUTING
2020-02-07 07:03:46,651 DEBUG    Transition a79eb200-c4df-4212-9ced-d9e6bcc71fb8 (_7):End Event: None -> ActiveEventState.NEW
2020-02-07 07:03:46,652 DEBUG    Register ActiveEvent(a79eb200-c4df-4212-9ced-d9e6bcc71fb8, ActiveEventState.NEW): (_7):End Event
2020-02-07 07:03:46,652 DEBUG    Lane allocate workspace check for ActiveEvent(a79eb200-c4df-4212-9ced-d9e6bcc71fb8, ActiveEventState.NEW): (_7):End Event
2020-02-07 07:03:46,652 DEBUG    Lane: incremented references AdhesiveLane(root:default, references=5)
2020-02-07 07:03:46,652 DEBUG    Transition e403a03c-9897-4e92-a5b2-9b24a82f967f (_10):1s: ActiveEventState.ROUTING -> ActiveEventState.DONE_CHECK
2020-02-07 07:03:46,653 DEBUG    Transition e403a03c-9897-4e92-a5b2-9b24a82f967f (_10):1s: ActiveEventState.DONE_CHECK -> ActiveEventState.DONE
2020-02-07 07:03:46,653 DEBUG    Lane deallocate workspace check for ActiveEvent(e403a03c-9897-4e92-a5b2-9b24a82f967f, ActiveEventState.DONE): (_10):1s
2020-02-07 07:03:46,653 DEBUG    Lane: decremented references AdhesiveLane(root:default, references=4)
2020-02-07 07:03:46,653 DEBUG    Unregister ActiveEvent(e403a03c-9897-4e92-a5b2-9b24a82f967f, ActiveEventState.DONE): (_10):1s
2020-02-07 07:03:46,653 DEBUG    Transition a79eb200-c4df-4212-9ced-d9e6bcc71fb8 (_7):End Event: ActiveEventState.NEW -> ActiveEventState.PROCESSING
2020-02-07 07:03:46,653 DEBUG    Transition a79eb200-c4df-4212-9ced-d9e6bcc71fb8 (_7):End Event: ActiveEventState.PROCESSING -> ActiveEventState.ROUTING
2020-02-07 07:03:46,653 DEBUG    Transition a79eb200-c4df-4212-9ced-d9e6bcc71fb8 (_7):End Event: ActiveEventState.ROUTING -> ActiveEventState.DONE_CHECK
2020-02-07 07:03:46,653 DEBUG    Transition a79eb200-c4df-4212-9ced-d9e6bcc71fb8 (_7):End Event: ActiveEventState.DONE_CHECK -> ActiveEventState.DONE_END_TASK
2020-02-07 07:03:46,654 DEBUG    Transition a79eb200-c4df-4212-9ced-d9e6bcc71fb8 (_7):End Event: ActiveEventState.DONE_END_TASK -> ActiveEventState.DONE
2020-02-07 07:03:46,654 DEBUG    Lane deallocate workspace check for ActiveEvent(a79eb200-c4df-4212-9ced-d9e6bcc71fb8, ActiveEventState.DONE): (_7):End Event
2020-02-07 07:03:46,654 DEBUG    Lane: decremented references AdhesiveLane(root:default, references=3)
2020-02-07 07:03:46,654 DEBUG    Unregister ActiveEvent(a79eb200-c4df-4212-9ced-d9e6bcc71fb8, ActiveEventState.DONE): (_7):End Event
2020-02-07 07:03:46,654 DEBUG    Transition 5ab4bc8a-c167-4437-9109-6ca13e7406bd (_4):Sleep 10 seconds: ActiveEventState.RUNNING -> ActiveEventState.ROUTING
2020-02-07 07:03:46,654 INFO     Done Sleep 10 seconds
2020-02-07 07:03:46,654 DEBUG    Transition 5ab4bc8a-c167-4437-9109-6ca13e7406bd (_4):Sleep 10 seconds: ActiveEventState.ROUTING -> ActiveEventState.DONE_CHECK
2020-02-07 07:03:46,655 DEBUG    Transition 5ab4bc8a-c167-4437-9109-6ca13e7406bd (_4):Sleep 10 seconds: ActiveEventState.DONE_CHECK -> ActiveEventState.DONE_END_TASK
2020-02-07 07:03:46,655 DEBUG    Transition 1057a4e5-7392-4a50-88e0-3ee0dfacb3d0 (_3):Timeout in 1s: ActiveEventState.RUNNING -> ActiveEventState.ROUTING
2020-02-07 07:03:46,655 INFO     Done Timeout in 1s
2020-02-07 07:03:46,655 DEBUG    Transition 11bfa829-3263-43c2-9c6c-5a7171fe5a57 (_6):Should not execute: None -> ActiveEventState.NEW
2020-02-07 07:03:46,655 DEBUG    Register ActiveEvent(11bfa829-3263-43c2-9c6c-5a7171fe5a57, ActiveEventState.NEW): (_6):Should not execute
2020-02-07 07:03:46,655 DEBUG    Lane allocate workspace check for ActiveEvent(11bfa829-3263-43c2-9c6c-5a7171fe5a57, ActiveEventState.NEW): (_6):Should not execute
2020-02-07 07:03:46,655 DEBUG    Lane: incremented references AdhesiveLane(root:default, references=4)
2020-02-07 07:03:46,656 DEBUG    Transition 1057a4e5-7392-4a50-88e0-3ee0dfacb3d0 (_3):Timeout in 1s: ActiveEventState.ROUTING -> ActiveEventState.DONE_CHECK
2020-02-07 07:03:46,656 DEBUG    Transition 1057a4e5-7392-4a50-88e0-3ee0dfacb3d0 (_3):Timeout in 1s: ActiveEventState.DONE_CHECK -> ActiveEventState.DONE
2020-02-07 07:03:46,656 DEBUG    Lane deallocate workspace check for ActiveEvent(1057a4e5-7392-4a50-88e0-3ee0dfacb3d0, ActiveEventState.DONE): (_3):Timeout in 1s
2020-02-07 07:03:46,656 DEBUG    Lane: decremented references AdhesiveLane(root:default, references=3)
2020-02-07 07:03:46,656 DEBUG    Unregister ActiveEvent(1057a4e5-7392-4a50-88e0-3ee0dfacb3d0, ActiveEventState.DONE): (_3):Timeout in 1s
2020-02-07 07:03:46,656 DEBUG    Transition 5ab4bc8a-c167-4437-9109-6ca13e7406bd (_4):Sleep 10 seconds: ActiveEventState.DONE_END_TASK -> ActiveEventState.DONE
2020-02-07 07:03:46,656 DEBUG    Lane deallocate workspace check for ActiveEvent(5ab4bc8a-c167-4437-9109-6ca13e7406bd, ActiveEventState.DONE): (_4):Sleep 10 seconds
2020-02-07 07:03:46,656 DEBUG    Lane: decremented references AdhesiveLane(root:default, references=2)
2020-02-07 07:03:46,656 DEBUG    Unregister ActiveEvent(5ab4bc8a-c167-4437-9109-6ca13e7406bd, ActiveEventState.DONE): (_4):Sleep 10 seconds
2020-02-07 07:03:46,656 DEBUG    Transition 11bfa829-3263-43c2-9c6c-5a7171fe5a57 (_6):Should not execute: ActiveEventState.NEW -> ActiveEventState.PROCESSING
2020-02-07 07:03:46,657 DEBUG    Transition 11bfa829-3263-43c2-9c6c-5a7171fe5a57 (_6):Should not execute: ActiveEventState.PROCESSING -> ActiveEventState.WAITING
2020-02-07 07:03:46,657 DEBUG    Transition 11bfa829-3263-43c2-9c6c-5a7171fe5a57 (_6):Should not execute: ActiveEventState.WAITING -> ActiveEventState.RUNNING
2020-02-07 07:03:46,657 INFO     Run  Should not execute
2020-02-07 07:03:46,661 DEBUG    Transition 11bfa829-3263-43c2-9c6c-5a7171fe5a57 (_6):Should not execute: ActiveEventState.RUNNING -> ActiveEventState.ERROR
2020-02-07 07:03:46,661 INFO     Failed Should not execute
2020-02-07 07:03:46,661 DEBUG    Transition a8337549-88eb-4e45-bace-e5ff2167a8f7 (PROCESS_1):[root process]: ActiveEventState.RUNNING -> ActiveEventState.ERROR
2020-02-07 07:03:46,662 INFO     Failed [root process]
2020-02-07 07:03:46,662 ERROR    Process execution failed. Unhandled error.
2020-02-07 07:03:46,662 ERROR    Exception:
2020-02-07 07:03:46,662 ERROR    pebble.common.RemoteTraceback: Traceback (most recent call last):
  File "/home/raptor/programs/py/3.7/lib/python3.7/site-packages/pebble/common.py", line 174, in process_execute
    return function(*args, **kwargs)
  File "/home/raptor/programs/py/3.7/lib/python3.7/site-packages/adhesive/execution/ExecutionTask.py", line 51, in invoke
    self.code(event.context, *params)  # type: ignore
  File "<string>", line 13, in should_not_execute
Exception: The timer should have cancelled the subprocess


The above exception was the direct cause of the following exception:

Traceback (most recent call last):
  File "/home/raptor/programs/py/3.7/lib/python3.7/site-packages/adhesive/model/ProcessExecutor.py", line 276, in execute_process_event_loop
    context = future.result()
  File "/usr/lib/python3.7/concurrent/futures/_base.py", line 428, in result
    return self.__get_result()
  File "/usr/lib/python3.7/concurrent/futures/_base.py", line 384, in __get_result
    raise self._exception
Exception: The timer should have cancelled the subprocess

